Command line:
   StreetFighter_tf_isim_beh.exe
     -simmode  gui
     -simrunnum  0
     -socket  11679

Wed Jun 04 21:24:08 2014


 Elaboration Time: 0.0624 sec

 Current Memory Usage: 825.934 Meg

 Total Signals          : 33
 Total Nets             : 70
 Total Signal Drivers   : 24
 Total Blocks           : 3
 Total Primitive Blocks : 2
 Total Processes        : 41
 Total Traceable Variables  : 76
 Total Scalar Nets and Variables : 668
Total Line Count : 146

 Total Simulation Time: 0.733205 sec

 Current Memory Usage: 668.647 Meg

Wed Jun 04 21:48:54 2014

