iMPACT Version: 11.1

iMPACT log file Started on Fri Jul 29 08:36:36 2011

Welcome to iMPACT
iMPACT Version: 11.1
Project:T:\tekbots\tekbots-guille\students\fryb\ECE272Demo\ECE272DemoRemote\ECE272DemoRemote\\auto_project.ipf created.
// *** BATCH CMD : setMode -bs
// *** BATCH CMD : setMode -bs
// *** BATCH CMD : setMode -bs
// *** BATCH CMD : setMode -bs
// *** BATCH CMD : setCable -port svf -file"T:/tekbots/tekbots-guille/students/fryb/ECE272Demo/ECE272DemoRemote/ECE272DemoRemote/Remote.svf"
// *** BATCH CMD : addDevice -p 1 -file"T:/tekbots/tekbots-guille/students/fryb/ECE272Demo/ECE272DemoRemote/ECE272DemoRemote/Remote.jed"
'1': Loading file'T:/tekbots/tekbots-guille/students/fryb/ECE272Demo/ECE272DemoRemote/ECE272DemoRemote/Remote.jed' ...
done.
INFO:iMPACT:1777 - 
   Reading C:/Xilinx/11.1/ISE/xc9500xl/data/xc9572xl.bsd...
INFO:iMPACT:501 - '1': Added Device xc9572xl successfully.
----------------------------------------------------------------------
----------------------------------------------------------------------
INFO:iMPACT - Current time: Fri Jul 29 08:36:48 2011
WARNING:iMPACT - Warning: SVF Programming of 9500 series CPLDs is not supported   by every third-party boundary-scan tool provider. Please check for support   before using this SVF file to program a 9500 series device.
// *** BATCH CMD : Program -p 1 -e -v 


PROGRESS_START - Starting Operation.
'1': Erasing device...
'1': Erasure completed successfully.
'1': Programming device...
done.
'1': Putting device in ISP mode...done.
'1': Putting device in ISP mode...done.
'1': Verifying device...done.
'1': Verification completed successfully.
'1': Putting device in ISP mode...done.
'1': Programming completed successfully.
PROGRESS_END - End Operation.
Elapsed time =      1 sec.
// *** BATCH CMD : deleteDevice -position 1
