Release 11.1 - xst L.70 (nt)
Copyright (c) 1995-2009 Xilinx, Inc.  All rights reserved.
--> Parameter TMPDIR set to xst/projnav.tmp


Total REAL time to Xst completion: 1.00 secs
Total CPU time to Xst completion: 0.55 secs
 
--> Parameter xsthdpdir set to xst


Total REAL time to Xst completion: 1.00 secs
Total CPU time to Xst completion: 0.55 secs
 
--> Reading design: Remote.prj

TABLE OF CONTENTS
  1) Synthesis Options Summary
  2) HDL Compilation
  3) Design Hierarchy Analysis
  4) HDL Analysis
  5) HDL Synthesis
     5.1) HDL Synthesis Report
  6) Advanced HDL Synthesis
     6.1) Advanced HDL Synthesis Report
  7) Low Level Synthesis
  8) Partition Report
  9) Final Report

=========================================================================
*                      Synthesis Options Summary                        *
=========================================================================
---- Source Parameters
Input File Name                    : "Remote.prj"
Input Format                       : mixed
Ignore Synthesis Constraint File   : NO

---- Target Parameters
Output File Name                   : "Remote"
Output Format                      : NGC
Target Device                      : XC9500XL CPLDs

---- Source Options
Top Module Name                    : Remote
Automatic FSM Extraction           : YES
FSM Encoding Algorithm             : Auto
Safe Implementation                : No
Mux Extraction                     : YES
Resource Sharing                   : YES

---- Target Options
Add IO Buffers                     : YES
MACRO Preserve                     : YES
XOR Preserve                       : YES
Equivalent register Removal        : YES

---- General Options
Optimization Goal                  : Speed
Optimization Effort                : 1
Library Search Order               : Remote.lso
Keep Hierarchy                     : YES
Netlist Hierarchy                  : as_optimized
RTL Output                         : Yes
Hierarchy Separator                : /
Bus Delimiter                      : <>
Case Specifier                     : maintain
Verilog 2001                       : YES

---- Other Options
Clock Enable                       : YES
wysiwyg                            : NO

=========================================================================


=========================================================================
*                          HDL Compilation                              *
=========================================================================
Compiling verilog file "Remote.v" in library work
Module <Remote> compiled
Module <four_bit_counter> compiled
Module <latch_state_decoder> compiled
Module <clock_state_decoder> compiled
No errors in compilation
Analysis of file <"Remote.prj"> succeeded.
 

=========================================================================
*                     Design Hierarchy Analysis                         *
=========================================================================
Analyzing hierarchy for module <Remote> in library <work>.

Analyzing hierarchy for module <four_bit_counter> in library <work>.

Analyzing hierarchy for module <clock_state_decoder> in library <work>.

Analyzing hierarchy for module <latch_state_decoder> in library <work>.


=========================================================================
*                            HDL Analysis                               *
=========================================================================
Analyzing top module <Remote>.
Module <Remote> is correct for synthesis.
 
Analyzing module <four_bit_counter> in library <work>.
Module <four_bit_counter> is correct for synthesis.
 
Analyzing module <clock_state_decoder> in library <work>.
Module <clock_state_decoder> is correct for synthesis.
 
Analyzing module <latch_state_decoder> in library <work>.
Module <latch_state_decoder> is correct for synthesis.
 

=========================================================================
*                           HDL Synthesis                               *
=========================================================================

Performing bidirectional port resolution...

Synthesizing Unit <four_bit_counter>.
    Related source file is "Remote.v".
    Found 5-bit up counter for signal <count>.
    Summary:
	inferred   1 Counter(s).
Unit <four_bit_counter> synthesized.


Synthesizing Unit <clock_state_decoder>.
    Related source file is "Remote.v".
    Found 16x1-bit ROM for signal <clock$mux0000>.
    Summary:
	inferred   1 ROM(s).
Unit <clock_state_decoder> synthesized.


Synthesizing Unit <latch_state_decoder>.
    Related source file is "Remote.v".
Unit <latch_state_decoder> synthesized.


Synthesizing Unit <Remote>.
    Related source file is "Remote.v".
Unit <Remote> synthesized.


=========================================================================
HDL Synthesis Report

Macro Statistics
# ROMs                                                 : 1
 16x1-bit ROM                                          : 1
# Counters                                             : 1
 5-bit up counter                                      : 1

=========================================================================

=========================================================================
*                       Advanced HDL Synthesis                          *
=========================================================================


=========================================================================
Advanced HDL Synthesis Report

Macro Statistics
# ROMs                                                 : 1
 16x1-bit ROM                                          : 1
# Counters                                             : 1
 5-bit up counter                                      : 1

=========================================================================

=========================================================================
*                         Low Level Synthesis                           *
=========================================================================

Optimizing unit <Remote> ...

Optimizing unit <latch_state_decoder> ...

Optimizing unit <clock_state_decoder> ...

Optimizing unit <four_bit_counter> ...

=========================================================================
*                           Partition Report                            *
=========================================================================

Partition Implementation Status
-------------------------------

  No Partitions were found in this design.

-------------------------------

=========================================================================
*                            Final Report                               *
=========================================================================
Final Results
RTL Top Level Output File Name     : Remote.ngr
Top Level Output File Name         : Remote
Output Format                      : NGC
Optimization Goal                  : Speed
Keep Hierarchy                     : YES
Target Technology                  : XC9500XL CPLDs
Macro Preserve                     : YES
XOR Preserve                       : YES
Clock Enable                       : YES
wysiwyg                            : NO

Design Statistics
# IOs                              : 6

Cell Usage :
# BELS                             : 30
#      AND2                        : 9
#      AND3                        : 1
#      AND4                        : 1
#      AND5                        : 1
#      INV                         : 13
#      OR2                         : 1
#      XOR2                        : 4
# FlipFlops/Latches                : 5
#      FD                          : 5
# IO Buffers                       : 6
#      IBUF                        : 3
#      OBUF                        : 3
=========================================================================


Total REAL time to Xst completion: 19.00 secs
Total CPU time to Xst completion: 18.09 secs
 
--> 

Total memory usage is 129288 kilobytes

Number of errors   :    0 (   0 filtered)
Number of warnings :    0 (   0 filtered)
Number of infos    :    0 (   0 filtered)

