iMPACT Version: 14.1

iMPACT log file Started on Tue Jun 03 20:03:36 2014

Welcome to iMPACT
iMPACT Version: 14.1
Project:C:\Users\Robert\Documents\ECE272Demo\ECE272DemoReceiver\ECE272DemoReceiver\\auto_project.ipf created.
// *** BATCH CMD : setMode -bs
// *** BATCH CMD : setCable -port svf -file"C:/Users/Robert/Documents/Porn/Last_Year/Misc/street_fighter_small/street_fighter.svf"
// *** BATCH CMD : addDevice -p 1 -file"C:/Users/Robert/Documents/Porn/Last_Year/Misc/street_fighter_small/StreetFighter/StreetFighter.jed"
'1': Loading file'C:/Users/Robert/Documents/Porn/Last_Year/Misc/street_fighter_small/StreetFighter/StreetFighter.jed' ...
done.
INFO:iMPACT:1777 - 
   Reading C:/Xilinx/14.1/ISE_DS/ISE/xc9500xl/data/xc9572xl.bsd...
INFO:iMPACT:501 - '1': Added Device xc9572xl successfully.
----------------------------------------------------------------------
INFO:iMPACT - Current time: 6/3/2014 8:03:57 PM
WARNING:iMPACT - Warning: SVF Programming of 9500 series CPLDs is not supported   by every third-party boundary-scan tool provider. Please check for support   before using this SVF file to program a 9500 series device.
// *** BATCH CMD : Program -p 1 -e -v 

'1': Erasing device...
'1': Erasure completed successfully.
'1': Programming device...
done.
'1': Putting device in ISP mode...done.
'1': Putting device in ISP mode...done.
'1': Verifying device...PROGRESS_START - Starting Operation.
done.
'1': Verification completed successfully.
'1': Putting device in ISP mode...done.
'1': Programming completed successfully.
PROGRESS_END - End Operation.
Elapsed time =      1 sec.
Project:'C:\Users\Robert\Documents\ECE272Demo\ECE272DemoReceiver\ECE272DemoReceiver\\auto_project.ipf' created.
// *** BATCH CMD : setMode -bs
// *** BATCH CMD : setMode -ss
// *** BATCH CMD : setMode -sm
// *** BATCH CMD : setMode -hw140
// *** BATCH CMD : setMode -spi
// *** BATCH CMD : setMode -acecf
// *** BATCH CMD : setMode -acempm
// *** BATCH CMD : setMode -pff
// *** BATCH CMD : setMode -bs
// *** BATCH CMD : saveProjectFile -file"C:\Users\Robert\Documents\ECE272Demo\ECE272DemoReceiver\ECE272DemoReceiver\\auto_project.ipf"
ERROR:ProjectRepository:14 - Unable to create temporary directory   <C:\Users\Robert\Documents\ECE272Demo\ECE272DemoReceiver\ECE272DemoReceiver\a   uto_project_xdb/tmp/ipf> for storing project file contents
INFO:iMPACT:2650 - Failed to open   C:\Users\Ro// *** BATCH CMD : setMode -bs
INFO:iMPACT - Launching WebTalk, please refer to the wWARNING:iMPACT:2772 - Failed to save Project:
   C:\Users\Robert\Documents\ECE272Demo\ECE272DemoReceiver\ECE272DemoReceINFO:iMPACT - Running wbtc successfully.
// *** BATCH CMD : setMode -bs
// *** BATCH CMD : deleteDevice -position 1
// *** BATCH CMD : setMode -bs
// *** BATCH CMD : setMode -ss
// *** BATCH CMD : setMode -sm
// *** BATCH CMD :INFO:iMPACT - Running wbtc successfully.
// *** BATCH CMD : setMode -bs
// *** BATCH CMD : deleteDevice -position 1
// *** BATCH CMD : setMode -bs
// *** BATCH CMD : setMode -ss
// *** BATCH CMD : setMode -sm
// *** BATCH CMD : setMode -hw140
// *** BATCH CMD : setMode -spi
// *** BATCH CMD : setMode -acecf
// *** BATCH CMD : setMode -acempm
// *** BATCH CMD : setMode -pff
