Release 14.1 - xst P.15xf (nt64)
Copyright (c) 1995-2012 Xilinx, Inc.  All rights reserved.
--> Parameter TMPDIR set to xst/projnav.tmp


Total REAL time to Xst completion: 0.00 secs
Total CPU time to Xst completion: 0.13 secs
 
--> Parameter xsthdpdir set to xst


Total REAL time to Xst completion: 0.00 secs
Total CPU time to Xst completion: 0.14 secs
 
--> Reading design: IR_Receiver.prj

TABLE OF CONTENTS
  1) Synthesis Options Summary
  2) HDL Compilation
  3) Design Hierarchy Analysis
  4) HDL Analysis
  5) HDL Synthesis
     5.1) HDL Synthesis Report
  6) Advanced HDL Synthesis
     6.1) Advanced HDL Synthesis Report
  7) Low Level Synthesis
  8) Partition Report
  9) Final Report

=========================================================================
*                      Synthesis Options Summary                        *
=========================================================================
---- Source Parameters
Input File Name                    : "IR_Receiver.prj"
Input Format                       : mixed
Ignore Synthesis Constraint File   : NO

---- Target Parameters
Output File Name                   : "IR_Receiver"
Output Format                      : NGC
Target Device                      : XC9500XL CPLDs

---- Source Options
Top Module Name                    : IR_Receiver
Automatic FSM Extraction           : YES
FSM Encoding Algorithm             : Auto
Safe Implementation                : No
Mux Extraction                     : Yes
Resource Sharing                   : YES

---- Target Options
Add IO Buffers                     : YES
MACRO Preserve                     : YES
XOR Preserve                       : YES
Equivalent register Removal        : YES

---- General Options
Optimization Goal                  : Speed
Optimization Effort                : 1
Keep Hierarchy                     : Yes
Netlist Hierarchy                  : As_Optimized
RTL Output                         : Yes
Hierarchy Separator                : /
Bus Delimiter                      : <>
Case Specifier                     : Maintain
Verilog 2001                       : YES

---- Other Options
Clock Enable                       : YES
wysiwyg                            : NO

=========================================================================


=========================================================================
*                          HDL Compilation                              *
=========================================================================
Compiling verilog file "IR_Receiver.v" in library work
Module <IR_Receiver> compiled
Module <Inverter> compiled
Module <ThreeBitCounter> compiled
Module <ShiftRegister> compiled
Module <FlipFlop> compiled
Module <IRListener> compiled
No errors in compilation
Analysis of file <"IR_Receiver.prj"> succeeded.
 

=========================================================================
*                     Design Hierarchy Analysis                         *
=========================================================================
Analyzing hierarchy for module <IR_Receiver> in library <work>.

Analyzing hierarchy for module <Inverter> in library <work>.

Analyzing hierarchy for module <ThreeBitCounter> in library <work>.

Analyzing hierarchy for module <ShiftRegister> in library <work>.

Analyzing hierarchy for module <FlipFlop> in library <work>.

Analyzing hierarchy for module <IRListener> in library <work> with parameters.
	S0 = "0000"
	S1 = "0001"
	S2 = "0010"
	S3 = "0011"
	S4 = "0100"
	S5 = "0101"
	S6 = "0110"
	S7 = "0111"
	S8 = "1000"


=========================================================================
*                            HDL Analysis                               *
=========================================================================
Analyzing top module <IR_Receiver>.
Module <IR_Receiver> is correct for synthesis.
 
Analyzing module <Inverter> in library <work>.
Module <Inverter> is correct for synthesis.
 
Analyzing module <ThreeBitCounter> in library <work>.
Module <ThreeBitCounter> is correct for synthesis.
 
Analyzing module <ShiftRegister> in library <work>.
Module <ShiftRegister> is correct for synthesis.
 
Analyzing module <FlipFlop> in library <work>.
Module <FlipFlop> is correct for synthesis.
 
Analyzing module <IRListener> in library <work>.
	S0 = 4'b0000
	S1 = 4'b0001
	S2 = 4'b0010
	S3 = 4'b0011
	S4 = 4'b0100
	S5 = 4'b0101
	S6 = 4'b0110
	S7 = 4'b0111
	S8 = 4'b1000
Module <IRListener> is correct for synthesis.
 

=========================================================================
*                           HDL Synthesis                               *
=========================================================================

Performing bidirectional port resolution...

Synthesizing Unit <Inverter>.
    Related source file is "IR_Receiver.v".
Unit <Inverter> synthesized.


Synthesizing Unit <ThreeBitCounter>.
    Related source file is "IR_Receiver.v".
    Found 1-bit register for signal <latch>.
    Found 3-bit up counter for signal <count>.
    Summary:
	inferred   1 Counter(s).
	inferred   1 D-type flip-flop(s).
Unit <ThreeBitCounter> synthesized.


Synthesizing Unit <ShiftRegister>.
    Related source file is "IR_Receiver.v".
    Found 4-bit register for signal <data>.
Unit <ShiftRegister> synthesized.


Synthesizing Unit <FlipFlop>.
    Related source file is "IR_Receiver.v".
    Found 4-bit register for signal <dirs>.
Unit <FlipFlop> synthesized.


Synthesizing Unit <IRListener>.
    Related source file is "IR_Receiver.v".
    Found finite state machine <FSM_0> for signal <state>.
    -----------------------------------------------------------------------
    | States             | 8                                              |
    | Transitions        | 13                                             |
    | Inputs             | 1                                              |
    | Outputs            | 5                                              |
    | Clock              | clk                       (rising_edge)        |
    | Reset              | reset                     (negative)           |
    | Reset type         | asynchronous                                   |
    | Reset State        | 000                                            |
    | Encoding           | automatic                                      |
    | Implementation     | automatic                                      |
    -----------------------------------------------------------------------
    Summary:
	inferred   1 Finite State Machine(s).
Unit <IRListener> synthesized.


Synthesizing Unit <IR_Receiver>.
    Related source file is "IR_Receiver.v".
Unit <IR_Receiver> synthesized.


=========================================================================
HDL Synthesis Report

Macro Statistics
# Counters                                             : 1
 3-bit up counter                                      : 1
# Registers                                            : 3
 1-bit register                                        : 1
 4-bit register                                        : 2

=========================================================================

=========================================================================
*                       Advanced HDL Synthesis                          *
=========================================================================

Analyzing FSM <FSM_0> for best encoding.
Optimizing FSM <IRL/state/FSM> on signal <state[1:8]> with one-hot encoding.
-------------------
 State | Encoding
-------------------
 000   | 00000001
 001   | 00000010
 010   | 00000100
 011   | 00001000
 100   | 00010000
 101   | 00100000
 110   | 01000000
 111   | 10000000
-------------------

=========================================================================
Advanced HDL Synthesis Report

Macro Statistics
# FSMs                                                 : 1
# Counters                                             : 1
 3-bit up counter                                      : 1
# Registers                                            : 1
 Flip-Flops                                            : 1

=========================================================================

=========================================================================
*                         Low Level Synthesis                           *
=========================================================================

Optimizing unit <IR_Receiver> ...

Optimizing unit <Inverter> ...

Optimizing unit <IRListener> ...

Optimizing unit <ShiftRegister> ...

Optimizing unit <FlipFlop> ...

Optimizing unit <ThreeBitCounter> ...

=========================================================================
*                           Partition Report                            *
=========================================================================

Partition Implementation Status
-------------------------------

  No Partitions were found in this design.

-------------------------------

=========================================================================
*                            Final Report                               *
=========================================================================
Final Results
RTL Top Level Output File Name     : IR_Receiver.ngr
Top Level Output File Name         : IR_Receiver
Output Format                      : NGC
Optimization Goal                  : Speed
Keep Hierarchy                     : Yes
Target Technology                  : XC9500XL CPLDs
Macro Preserve                     : YES
XOR Preserve                       : YES
Clock Enable                       : YES
wysiwyg                            : NO

Design Statistics
# IOs                              : 11

Cell Usage :
# BELS                             : 32
#      AND2                        : 11
#      AND3                        : 1
#      INV                         : 14
#      OR2                         : 1
#      OR3                         : 2
#      OR5                         : 1
#      XOR2                        : 2
# FlipFlops/Latches                : 20
#      FDC                         : 15
#      FDP                         : 5
# IO Buffers                       : 11
#      IBUF                        : 3
#      OBUF                        : 8
=========================================================================


Total REAL time to Xst completion: 5.00 secs
Total CPU time to Xst completion: 4.81 secs
 
--> 

Total memory usage is 249340 kilobytes

Number of errors   :    0 (   0 filtered)
Number of warnings :    0 (   0 filtered)
Number of infos    :    0 (   0 filtered)

